 Container mysql_ch_replicator_src-clickhouse_db-1  Stopping
 Container mysql_ch_replicator_src-mysql_db-1  Stopping
 Container mysql_ch_replicator_src-percona_db-1  Stopping
 Container mysql_ch_replicator_src-mariadb_db-1  Stopping
 Container b0195860c86c_mysql_ch_replicator_src-mariadb_db-1  Recreate
 Container 88f26e80a44e_mysql_ch_replicator_src-clickhouse_db-1  Recreate
 Container 79ef3e3ee2b2_mysql_ch_replicator_src-mysql_db-1  Recreate
 Container 3f5daaa61dcd_mysql_ch_replicator_src-percona_db-1  Recreate
 Container mysql_ch_replicator_src-clickhouse_db-1  Stopped
 Container mysql_ch_replicator_src-clickhouse_db-1  Removing
 Container mysql_ch_replicator_src-mysql_db-1  Stopped
 Container mysql_ch_replicator_src-mysql_db-1  Removing
 Container mysql_ch_replicator_src-percona_db-1  Stopped
 Container mysql_ch_replicator_src-percona_db-1  Removing
 Container mysql_ch_replicator_src-mariadb_db-1  Stopped
 Container mysql_ch_replicator_src-mariadb_db-1  Removing
 Container mysql_ch_replicator_src-mysql_db-1  Removed
 Container mysql_ch_replicator_src-mariadb_db-1  Removed
 Container mysql_ch_replicator_src-percona_db-1  Removed
 Container mysql_ch_replicator_src-clickhouse_db-1  Removed
 Container b0195860c86c_mysql_ch_replicator_src-mariadb_db-1  Recreated
 Container 88f26e80a44e_mysql_ch_replicator_src-clickhouse_db-1  Recreated
 Container 79ef3e3ee2b2_mysql_ch_replicator_src-mysql_db-1  Recreated
 Container 3f5daaa61dcd_mysql_ch_replicator_src-percona_db-1  Recreated
 Container mysql_ch_replicator_src-replicator-1  Recreate
 Container mysql_ch_replicator_src-replicator-1  Recreated
 Container mysql_ch_replicator_src-clickhouse_db-1  Starting
 Container mysql_ch_replicator_src-mysql_db-1  Starting
 Container mysql_ch_replicator_src-percona_db-1  Starting
 Container mysql_ch_replicator_src-mariadb_db-1  Starting
 Container mysql_ch_replicator_src-mysql_db-1  Started
 Container mysql_ch_replicator_src-percona_db-1  Started
 Container mysql_ch_replicator_src-mariadb_db-1  Started
 Container mysql_ch_replicator_src-clickhouse_db-1  Started
 Container mysql_ch_replicator_src-mariadb_db-1  Waiting
 Container mysql_ch_replicator_src-clickhouse_db-1  Waiting
 Container mysql_ch_replicator_src-mysql_db-1  Waiting
 Container mysql_ch_replicator_src-clickhouse_db-1  Healthy
 Container mysql_ch_replicator_src-mariadb_db-1  Healthy
 Container mysql_ch_replicator_src-mysql_db-1  Healthy
 Container mysql_ch_replicator_src-replicator-1  Starting
 Container mysql_ch_replicator_src-replicator-1  Started
 Container mysql_ch_replicator_src-clickhouse_db-1  Waiting
 Container mysql_ch_replicator_src-mysql_db-1  Waiting
 Container mysql_ch_replicator_src-mariadb_db-1  Waiting
 Container mysql_ch_replicator_src-percona_db-1  Waiting
 Container mysql_ch_replicator_src-replicator-1  Waiting
 Container mysql_ch_replicator_src-mysql_db-1  Healthy
 Container mysql_ch_replicator_src-clickhouse_db-1  Healthy
 Container mysql_ch_replicator_src-percona_db-1  Healthy
 Container mysql_ch_replicator_src-mariadb_db-1  Healthy
 Container mysql_ch_replicator_src-replicator-1  Healthy
